<?xml version="1.0" encoding="UTF-8"?>
<!-- Generated by org.testng.reporters.JUnitReportReporter -->
<testsuite hostname="User-PC" name="com.testRunner.VerifyLoginPageWithReport" tests="1" failures="0" timestamp="8 Aug 2017 07:17:28 GMT" time="55.207" errors="0">
  <testcase name="testLogin" time="55.207" classname="com.testRunner.VerifyLoginPageWithReport"/>
</testsuite> <!-- com.testRunner.VerifyLoginPageWithReport -->
