<?xml version="1.0" encoding="UTF-8"?>
<!-- Generated by org.testng.reporters.JUnitReportReporter -->
<testsuite hostname="User-PC" name="com.testRunner.VerifyLoginPageWithReport" tests="1" failures="0" timestamp="8 Aug 2017 15:47:13 GMT" time="36.487" errors="0">
  <testcase name="testLogin" time="36.487" classname="com.testRunner.VerifyLoginPageWithReport"/>
</testsuite> <!-- com.testRunner.VerifyLoginPageWithReport -->
