<?xml version="1.0" encoding="UTF-8"?>
<!-- Generated by org.testng.reporters.JUnitReportReporter -->
<testsuite hostname="User-PC" name="com.testRunner.VerifyLoginPage" tests="1" failures="0" timestamp="8 Aug 2017 15:47:13 GMT" time="45.454" errors="0">
  <testcase name="testLogin" time="45.454" classname="com.testRunner.VerifyLoginPage"/>
</testsuite> <!-- com.testRunner.VerifyLoginPage -->
